762364
975379
553638
495143
999575
2255940
1215862
586693
736660
1025160
454192
975379
559871
586693
1344320
519649
1298322
2587632
5490955
519649
999575
633616
890444
4142862
481834
579687
465499
1570218
999575
443609
454192
633616
701702
1896687
553638
660763
1178765
853929
457877
461645
651404
633616
633616
1298322
461645
625157
1394006
910078
1144068
553638
465499
477606
642360
519649
736660
690904
447060
1080999
2255940
499800
8187335
579687
535952
1215862
447060
509472
749253
680495
504575
1080999
436924
4720603
8187335
1025160
430514
490598
776025
559871
1215862
642360
430514
553638
1640162
749253
952461
443609
736660
1111545
559871
2002338
1570218
1298322
519649
910078
3334084
4720603
