72048
22274
22271
22638
132881
22271
22271
22271
24906
22271
22271
36246
22271
22271
22438
26969
22526
22579
22438
22271
22776
193908
24906
24215
27951
22271
23528
22271
22704
34815
23148
25801
31487
29146
22271
23148
22402
32462
56961
63413
23528
23528
22271
29843
132881
34815
29146
22271
84176
22323
22402
22291
22271
44749
26544
22274
42068
30619
22274
37896
22371
22271
23528
22438
132881
25801
26156
22274
25179
22271
22271
29146
22271
29146
22271
22271
22271
23148
22271
37896
36246
102416
22271
22271
23528
22271
22271
22271
26156
22371
132881
22281
377184
377184
22704
23148
